master.adtec.ovh: Did not receive an HTTP/1.1 200 OK response. Full response follows:
---------------------- Begin response ----------------------
HTTP/1.1 405 Not Allowed
Date: Sun, 26 Oct 2025 10:12:27 GMT
Content-Type: text/html
Content-Length: 157
Connection: close

<html>
<head><title>405 Not Allowed</title></head>
<body>
<center><h1>405 Not Allowed</h1></center>
<hr><center>nginx/1.18.0</center>
</body>
</html>

----------------------- End response -----------------------
master.adtec.ovh: Did not receive an HTTP/1.1 200 OK response. Full response follows:
---------------------- Begin response ----------------------
HTTP/1.1 405 Not Allowed
Date: Sun, 26 Oct 2025 10:12:48 GMT
Content-Type: text/html
Content-Length: 157
Connection: close

<html>
<head><title>405 Not Allowed</title></head>
<body>
<center><h1>405 Not Allowed</h1></center>
<hr><center>nginx/1.18.0</center>
</body>
</html>

----------------------- End response -----------------------
master.thijn.ovh: Did not receive an HTTP/1.1 200 OK response. Full response follows:
---------------------- Begin response ----------------------
HTTP/1.1 400 Bad Request
Server: nginx
Date: Sun, 26 Oct 2025 10:12:52 GMT
Content-Type: text/html; charset=UTF-8
Transfer-Encoding: chunked
Connection: close
X-VCMP-Error: Invalid request - Server unreachable
Strict-Transport-Security: max-age=63072000

0


----------------------- End response -----------------------
master.adtec.ovh: Did not receive an HTTP/1.1 200 OK response. Full response follows:
---------------------- Begin response ----------------------
HTTP/1.1 405 Not Allowed
Date: Sun, 26 Oct 2025 10:13:29 GMT
Content-Type: text/html
Content-Length: 157
Connection: close

<html>
<head><title>405 Not Allowed</title></head>
<body>
<center><h1>405 Not Allowed</h1></center>
<hr><center>nginx/1.18.0</center>
</body>
</html>

----------------------- End response -----------------------
master.adtec.ovh: Did not receive an HTTP/1.1 200 OK response. Full response follows:
---------------------- Begin response ----------------------
HTTP/1.1 405 Not Allowed
Date: Sun, 26 Oct 2025 10:14:01 GMT
Content-Type: text/html
Content-Length: 157
Connection: close

<html>
<head><title>405 Not Allowed</title></head>
<body>
<center><h1>405 Not Allowed</h1></center>
<hr><center>nginx/1.18.0</center>
</body>
</html>

----------------------- End response -----------------------
master.adtec.ovh: Did not receive an HTTP/1.1 200 OK response. Full response follows:
---------------------- Begin response ----------------------
HTTP/1.1 405 Not Allowed
Date: Sun, 26 Oct 2025 10:14:23 GMT
Content-Type: text/html
Content-Length: 157
Connection: close

<html>
<head><title>405 Not Allowed</title></head>
<body>
<center><h1>405 Not Allowed</h1></center>
<hr><center>nginx/1.18.0</center>
</body>
</html>

----------------------- End response -----------------------
master.adtec.ovh: Did not receive an HTTP/1.1 200 OK response. Full response follows:
---------------------- Begin response ----------------------
HTTP/1.1 405 Not Allowed
Date: Sun, 26 Oct 2025 10:14:34 GMT
Content-Type: text/html
Content-Length: 157
Connection: close

<html>
<head><title>405 Not Allowed</title></head>
<body>
<center><h1>405 Not Allowed</h1></center>
<hr><center>nginx/1.18.0</center>
</body>
</html>

----------------------- End response -----------------------
master.adtec.ovh: Did not receive an HTTP/1.1 200 OK response. Full response follows:
---------------------- Begin response ----------------------
HTTP/1.1 405 Not Allowed
Date: Sun, 26 Oct 2025 10:15:01 GMT
Content-Type: text/html
Content-Length: 157
Connection: close

<html>
<head><title>405 Not Allowed</title></head>
<body>
<center><h1>405 Not Allowed</h1></center>
<hr><center>nginx/1.18.0</center>
</body>
</html>

----------------------- End response -----------------------
master.adtec.ovh: Did not receive an HTTP/1.1 200 OK response. Full response follows:
---------------------- Begin response ----------------------
HTTP/1.1 405 Not Allowed
Date: Sun, 26 Oct 2025 10:15:46 GMT
Content-Type: text/html
Content-Length: 157
Connection: close

<html>
<head><title>405 Not Allowed</title></head>
<body>
<center><h1>405 Not Allowed</h1></center>
<hr><center>nginx/1.18.0</center>
</body>
</html>

----------------------- End response -----------------------
master.thijn.ovh: Did not receive an HTTP/1.1 200 OK response. Full response follows:
---------------------- Begin response ----------------------
HTTP/1.1 400 Bad Request
Server: nginx
Date: Sun, 26 Oct 2025 10:15:52 GMT
Content-Type: text/html; charset=UTF-8
Transfer-Encoding: chunked
Connection: close
X-VCMP-Error: Invalid request - Server unreachable
Strict-Transport-Security: max-age=63072000

0


----------------------- End response -----------------------
master.adtec.ovh: Did not receive an HTTP/1.1 200 OK response. Full response follows:
---------------------- Begin response ----------------------
HTTP/1.1 405 Not Allowed
Date: Sun, 26 Oct 2025 10:18:13 GMT
Content-Type: text/html
Content-Length: 157
Connection: close

<html>
<head><title>405 Not Allowed</title></head>
<body>
<center><h1>405 Not Allowed</h1></center>
<hr><center>nginx/1.18.0</center>
</body>
</html>

----------------------- End response -----------------------
master.adtec.ovh: Did not receive an HTTP/1.1 200 OK response. Full response follows:
---------------------- Begin response ----------------------
HTTP/1.1 405 Not Allowed
Date: Sun, 26 Oct 2025 10:18:24 GMT
Content-Type: text/html
Content-Length: 157
Connection: close

<html>
<head><title>405 Not Allowed</title></head>
<body>
<center><h1>405 Not Allowed</h1></center>
<hr><center>nginx/1.18.0</center>
</body>
</html>

----------------------- End response -----------------------
master.adtec.ovh: Did not receive an HTTP/1.1 200 OK response. Full response follows:
---------------------- Begin response ----------------------
HTTP/1.1 405 Not Allowed
Date: Sun, 26 Oct 2025 10:19:14 GMT
Content-Type: text/html
Content-Length: 157
Connection: close

<html>
<head><title>405 Not Allowed</title></head>
<body>
<center><h1>405 Not Allowed</h1></center>
<hr><center>nginx/1.18.0</center>
</body>
</html>

----------------------- End response -----------------------
master.adtec.ovh: Did not receive an HTTP/1.1 200 OK response. Full response follows:
---------------------- Begin response ----------------------
HTTP/1.1 405 Not Allowed
Date: Sun, 26 Oct 2025 10:19:49 GMT
Content-Type: text/html
Content-Length: 157
Connection: close

<html>
<head><title>405 Not Allowed</title></head>
<body>
<center><h1>405 Not Allowed</h1></center>
<hr><center>nginx/1.18.0</center>
</body>
</html>

----------------------- End response -----------------------
master.adtec.ovh: Did not receive an HTTP/1.1 200 OK response. Full response follows:
---------------------- Begin response ----------------------
HTTP/1.1 405 Not Allowed
Date: Sun, 26 Oct 2025 10:20:23 GMT
Content-Type: text/html
Content-Length: 157
Connection: close

<html>
<head><title>405 Not Allowed</title></head>
<body>
<center><h1>405 Not Allowed</h1></center>
<hr><center>nginx/1.18.0</center>
</body>
</html>

----------------------- End response -----------------------
master.adtec.ovh: Did not receive an HTTP/1.1 200 OK response. Full response follows:
---------------------- Begin response ----------------------
HTTP/1.1 405 Not Allowed
Date: Sun, 26 Oct 2025 10:21:15 GMT
Content-Type: text/html
Content-Length: 157
Connection: close

<html>
<head><title>405 Not Allowed</title></head>
<body>
<center><h1>405 Not Allowed</h1></center>
<hr><center>nginx/1.18.0</center>
</body>
</html>

----------------------- End response -----------------------
master.adtec.ovh: Did not receive an HTTP/1.1 200 OK response. Full response follows:
---------------------- Begin response ----------------------
HTTP/1.1 405 Not Allowed
Date: Sun, 26 Oct 2025 10:22:18 GMT
Content-Type: text/html
Content-Length: 157
Connection: close

<html>
<head><title>405 Not Allowed</title></head>
<body>
<center><h1>405 Not Allowed</h1></center>
<hr><center>nginx/1.18.0</center>
</body>
</html>

----------------------- End response -----------------------
master.adtec.ovh: Did not receive an HTTP/1.1 200 OK response. Full response follows:
---------------------- Begin response ----------------------
HTTP/1.1 405 Not Allowed
Date: Sun, 26 Oct 2025 10:22:40 GMT
Content-Type: text/html
Content-Length: 157
Connection: close

<html>
<head><title>405 Not Allowed</title></head>
<body>
<center><h1>405 Not Allowed</h1></center>
<hr><center>nginx/1.18.0</center>
</body>
</html>

----------------------- End response -----------------------
master.adtec.ovh: Did not receive an HTTP/1.1 200 OK response. Full response follows:
---------------------- Begin response ----------------------
HTTP/1.1 405 Not Allowed
Date: Sun, 26 Oct 2025 10:23:13 GMT
Content-Type: text/html
Content-Length: 157
Connection: close

<html>
<head><title>405 Not Allowed</title></head>
<body>
<center><h1>405 Not Allowed</h1></center>
<hr><center>nginx/1.18.0</center>
</body>
</html>

----------------------- End response -----------------------
master.adtec.ovh: Did not receive an HTTP/1.1 200 OK response. Full response follows:
---------------------- Begin response ----------------------
HTTP/1.1 405 Not Allowed
Date: Sun, 26 Oct 2025 10:23:35 GMT
Content-Type: text/html
Content-Length: 157
Connection: close

<html>
<head><title>405 Not Allowed</title></head>
<body>
<center><h1>405 Not Allowed</h1></center>
<hr><center>nginx/1.18.0</center>
</body>
</html>

----------------------- End response -----------------------
master.thijn.ovh: Did not receive an HTTP/1.1 200 OK response. Full response follows:
---------------------- Begin response ----------------------
HTTP/1.1 400 Bad Request
Server: nginx
Date: Sun, 26 Oct 2025 10:23:39 GMT
Content-Type: text/html; charset=UTF-8
Transfer-Encoding: chunked
Connection: close
X-VCMP-Error: Invalid request - Server unreachable
Strict-Transport-Security: max-age=63072000

0


----------------------- End response -----------------------
master.adtec.ovh: Did not receive an HTTP/1.1 200 OK response. Full response follows:
---------------------- Begin response ----------------------
HTTP/1.1 405 Not Allowed
Date: Sun, 26 Oct 2025 10:24:55 GMT
Content-Type: text/html
Content-Length: 157
Connection: close

<html>
<head><title>405 Not Allowed</title></head>
<body>
<center><h1>405 Not Allowed</h1></center>
<hr><center>nginx/1.18.0</center>
</body>
</html>

----------------------- End response -----------------------
master.thijn.ovh: Did not receive an HTTP/1.1 200 OK response. Full response follows:
---------------------- Begin response ----------------------
HTTP/1.1 400 Bad Request
Server: nginx
Date: Sun, 26 Oct 2025 10:24:58 GMT
Content-Type: text/html; charset=UTF-8
Transfer-Encoding: chunked
Connection: close
X-VCMP-Error: Invalid request - Server unreachable
Strict-Transport-Security: max-age=63072000

0


----------------------- End response -----------------------
master.adtec.ovh: Did not receive an HTTP/1.1 200 OK response. Full response follows:
---------------------- Begin response ----------------------
HTTP/1.1 405 Not Allowed
Date: Sun, 26 Oct 2025 10:25:41 GMT
Content-Type: text/html
Content-Length: 157
Connection: close

<html>
<head><title>405 Not Allowed</title></head>
<body>
<center><h1>405 Not Allowed</h1></center>
<hr><center>nginx/1.18.0</center>
</body>
</html>

----------------------- End response -----------------------
master.adtec.ovh: Did not receive an HTTP/1.1 200 OK response. Full response follows:
---------------------- Begin response ----------------------
HTTP/1.1 405 Not Allowed
Date: Sun, 26 Oct 2025 10:26:36 GMT
Content-Type: text/html
Content-Length: 157
Connection: close

<html>
<head><title>405 Not Allowed</title></head>
<body>
<center><h1>405 Not Allowed</h1></center>
<hr><center>nginx/1.18.0</center>
</body>
</html>

----------------------- End response -----------------------
master.adtec.ovh: Did not receive an HTTP/1.1 200 OK response. Full response follows:
---------------------- Begin response ----------------------
HTTP/1.1 405 Not Allowed
Date: Sun, 26 Oct 2025 10:26:55 GMT
Content-Type: text/html
Content-Length: 157
Connection: close

<html>
<head><title>405 Not Allowed</title></head>
<body>
<center><h1>405 Not Allowed</h1></center>
<hr><center>nginx/1.18.0</center>
</body>
</html>

----------------------- End response -----------------------
master.adtec.ovh: Did not receive an HTTP/1.1 200 OK response. Full response follows:
---------------------- Begin response ----------------------
HTTP/1.1 405 Not Allowed
Date: Sun, 26 Oct 2025 10:28:55 GMT
Content-Type: text/html
Content-Length: 157
Connection: close

<html>
<head><title>405 Not Allowed</title></head>
<body>
<center><h1>405 Not Allowed</h1></center>
<hr><center>nginx/1.18.0</center>
</body>
</html>

----------------------- End response -----------------------
master.adtec.ovh: Did not receive an HTTP/1.1 200 OK response. Full response follows:
---------------------- Begin response ----------------------
HTTP/1.1 405 Not Allowed
Date: Sun, 26 Oct 2025 10:29:14 GMT
Content-Type: text/html
Content-Length: 157
Connection: close

<html>
<head><title>405 Not Allowed</title></head>
<body>
<center><h1>405 Not Allowed</h1></center>
<hr><center>nginx/1.18.0</center>
</body>
</html>

----------------------- End response -----------------------
master.adtec.ovh: Did not receive an HTTP/1.1 200 OK response. Full response follows:
---------------------- Begin response ----------------------
HTTP/1.1 405 Not Allowed
Date: Sun, 26 Oct 2025 10:30:23 GMT
Content-Type: text/html
Content-Length: 157
Connection: close

<html>
<head><title>405 Not Allowed</title></head>
<body>
<center><h1>405 Not Allowed</h1></center>
<hr><center>nginx/1.18.0</center>
</body>
</html>

----------------------- End response -----------------------
master.adtec.ovh: Did not receive an HTTP/1.1 200 OK response. Full response follows:
---------------------- Begin response ----------------------
HTTP/1.1 405 Not Allowed
Date: Sun, 26 Oct 2025 10:31:02 GMT
Content-Type: text/html
Content-Length: 157
Connection: close

<html>
<head><title>405 Not Allowed</title></head>
<body>
<center><h1>405 Not Allowed</h1></center>
<hr><center>nginx/1.18.0</center>
</body>
</html>

----------------------- End response -----------------------
master.thijn.ovh: Did not receive an HTTP/1.1 200 OK response. Full response follows:
---------------------- Begin response ----------------------
HTTP/1.1 400 Bad Request
Server: nginx
Date: Sun, 26 Oct 2025 10:31:06 GMT
Content-Type: text/html; charset=UTF-8
Transfer-Encoding: chunked
Connection: close
X-VCMP-Error: Invalid request - Server unreachable
Strict-Transport-Security: max-age=63072000

0


----------------------- End response -----------------------
master.adtec.ovh: Did not receive an HTTP/1.1 200 OK response. Full response follows:
---------------------- Begin response ----------------------
HTTP/1.1 405 Not Allowed
Date: Sun, 26 Oct 2025 10:32:13 GMT
Content-Type: text/html
Content-Length: 157
Connection: close

<html>
<head><title>405 Not Allowed</title></head>
<body>
<center><h1>405 Not Allowed</h1></center>
<hr><center>nginx/1.18.0</center>
</body>
</html>

----------------------- End response -----------------------
master.thijn.ovh: Did not receive an HTTP/1.1 200 OK response. Full response follows:
---------------------- Begin response ----------------------
HTTP/1.1 400 Bad Request
Server: nginx
Date: Sun, 26 Oct 2025 10:32:16 GMT
Content-Type: text/html; charset=UTF-8
Transfer-Encoding: chunked
Connection: close
X-VCMP-Error: Invalid request - Server unreachable
Strict-Transport-Security: max-age=63072000

0


----------------------- End response -----------------------
master.adtec.ovh: Did not receive an HTTP/1.1 200 OK response. Full response follows:
---------------------- Begin response ----------------------
HTTP/1.1 405 Not Allowed
Date: Sun, 26 Oct 2025 10:33:02 GMT
Content-Type: text/html
Content-Length: 157
Connection: close

<html>
<head><title>405 Not Allowed</title></head>
<body>
<center><h1>405 Not Allowed</h1></center>
<hr><center>nginx/1.18.0</center>
</body>
</html>

----------------------- End response -----------------------
master.thijn.ovh: Did not receive an HTTP/1.1 200 OK response. Full response follows:
---------------------- Begin response ----------------------
HTTP/1.1 400 Bad Request
Server: nginx
Date: Sun, 26 Oct 2025 10:33:06 GMT
Content-Type: text/html; charset=UTF-8
Transfer-Encoding: chunked
Connection: close
X-VCMP-Error: Invalid request - Server unreachable
Strict-Transport-Security: max-age=63072000

0


----------------------- End response -----------------------
master.adtec.ovh: Did not receive an HTTP/1.1 200 OK response. Full response follows:
---------------------- Begin response ----------------------
HTTP/1.1 405 Not Allowed
Date: Sun, 26 Oct 2025 10:33:30 GMT
Content-Type: text/html
Content-Length: 157
Connection: close

<html>
<head><title>405 Not Allowed</title></head>
<body>
<center><h1>405 Not Allowed</h1></center>
<hr><center>nginx/1.18.0</center>
</body>
</html>

----------------------- End response -----------------------
master.thijn.ovh: Did not receive an HTTP/1.1 200 OK response. Full response follows:
---------------------- Begin response ----------------------
HTTP/1.1 400 Bad Request
Server: nginx
Date: Sun, 26 Oct 2025 10:33:35 GMT
Content-Type: text/html; charset=UTF-8
Transfer-Encoding: chunked
Connection: close
X-VCMP-Error: Invalid request - Server unreachable
Strict-Transport-Security: max-age=63072000

0


----------------------- End response -----------------------
master.adtec.ovh: Did not receive an HTTP/1.1 200 OK response. Full response follows:
---------------------- Begin response ----------------------
HTTP/1.1 405 Not Allowed
Date: Sun, 26 Oct 2025 10:33:44 GMT
Content-Type: text/html
Content-Length: 157
Connection: close

<html>
<head><title>405 Not Allowed</title></head>
<body>
<center><h1>405 Not Allowed</h1></center>
<hr><center>nginx/1.18.0</center>
</body>
</html>

----------------------- End response -----------------------
master.thijn.ovh: Did not receive an HTTP/1.1 200 OK response. Full response follows:
---------------------- Begin response ----------------------
HTTP/1.1 400 Bad Request
Server: nginx
Date: Sun, 26 Oct 2025 10:33:47 GMT
Content-Type: text/html; charset=UTF-8
Transfer-Encoding: chunked
Connection: close
X-VCMP-Error: Invalid request - Server unreachable
Strict-Transport-Security: max-age=63072000

0


----------------------- End response -----------------------
master.adtec.ovh: Did not receive an HTTP/1.1 200 OK response. Full response follows:
---------------------- Begin response ----------------------
HTTP/1.1 405 Not Allowed
Date: Sun, 26 Oct 2025 10:34:37 GMT
Content-Type: text/html
Content-Length: 157
Connection: close

<html>
<head><title>405 Not Allowed</title></head>
<body>
<center><h1>405 Not Allowed</h1></center>
<hr><center>nginx/1.18.0</center>
</body>
</html>

----------------------- End response -----------------------
master.thijn.ovh: Did not receive an HTTP/1.1 200 OK response. Full response follows:
---------------------- Begin response ----------------------
HTTP/1.1 400 Bad Request
Server: nginx
Date: Sun, 26 Oct 2025 10:34:42 GMT
Content-Type: text/html; charset=UTF-8
Transfer-Encoding: chunked
Connection: close
X-VCMP-Error: Invalid request - Server unreachable
Strict-Transport-Security: max-age=63072000

0


----------------------- End response -----------------------
master.adtec.ovh: Did not receive an HTTP/1.1 200 OK response. Full response follows:
---------------------- Begin response ----------------------
HTTP/1.1 405 Not Allowed
Date: Sun, 26 Oct 2025 10:35:44 GMT
Content-Type: text/html
Content-Length: 157
Connection: close

<html>
<head><title>405 Not Allowed</title></head>
<body>
<center><h1>405 Not Allowed</h1></center>
<hr><center>nginx/1.18.0</center>
</body>
</html>

----------------------- End response -----------------------
master.thijn.ovh: Did not receive an HTTP/1.1 200 OK response. Full response follows:
---------------------- Begin response ----------------------
HTTP/1.1 400 Bad Request
Server: nginx
Date: Sun, 26 Oct 2025 10:35:47 GMT
Content-Type: text/html; charset=UTF-8
Transfer-Encoding: chunked
Connection: close
X-VCMP-Error: Invalid request - Server unreachable
Strict-Transport-Security: max-age=63072000

0


----------------------- End response -----------------------
master.adtec.ovh: Did not receive an HTTP/1.1 200 OK response. Full response follows:
---------------------- Begin response ----------------------
HTTP/1.1 405 Not Allowed
Date: Sun, 26 Oct 2025 10:36:01 GMT
Content-Type: text/html
Content-Length: 157
Connection: close

<html>
<head><title>405 Not Allowed</title></head>
<body>
<center><h1>405 Not Allowed</h1></center>
<hr><center>nginx/1.18.0</center>
</body>
</html>

----------------------- End response -----------------------
master.thijn.ovh: Did not receive an HTTP/1.1 200 OK response. Full response follows:
---------------------- Begin response ----------------------
HTTP/1.1 400 Bad Request
Server: nginx
Date: Sun, 26 Oct 2025 10:36:05 GMT
Content-Type: text/html; charset=UTF-8
Transfer-Encoding: chunked
Connection: close
X-VCMP-Error: Invalid request - Server unreachable
Strict-Transport-Security: max-age=63072000

0


----------------------- End response -----------------------
master.adtec.ovh: Did not receive an HTTP/1.1 200 OK response. Full response follows:
---------------------- Begin response ----------------------
HTTP/1.1 405 Not Allowed
Date: Sun, 26 Oct 2025 10:36:27 GMT
Content-Type: text/html
Content-Length: 157
Connection: close

<html>
<head><title>405 Not Allowed</title></head>
<body>
<center><h1>405 Not Allowed</h1></center>
<hr><center>nginx/1.18.0</center>
</body>
</html>

----------------------- End response -----------------------
master.adtec.ovh: Did not receive an HTTP/1.1 200 OK response. Full response follows:
---------------------- Begin response ----------------------
HTTP/1.1 405 Not Allowed
Date: Sun, 26 Oct 2025 10:36:42 GMT
Content-Type: text/html
Content-Length: 157
Connection: close

<html>
<head><title>405 Not Allowed</title></head>
<body>
<center><h1>405 Not Allowed</h1></center>
<hr><center>nginx/1.18.0</center>
</body>
</html>

----------------------- End response -----------------------
master.thijn.ovh: Did not receive an HTTP/1.1 200 OK response. Full response follows:
---------------------- Begin response ----------------------
HTTP/1.1 400 Bad Request
Server: nginx
Date: Sun, 26 Oct 2025 10:36:45 GMT
Content-Type: text/html; charset=UTF-8
Transfer-Encoding: chunked
Connection: close
X-VCMP-Error: Invalid request - Server unreachable
Strict-Transport-Security: max-age=63072000

0


----------------------- End response -----------------------
master.adtec.ovh: Did not receive an HTTP/1.1 200 OK response. Full response follows:
---------------------- Begin response ----------------------
HTTP/1.1 405 Not Allowed
Date: Sun, 26 Oct 2025 10:49:22 GMT
Content-Type: text/html
Content-Length: 157
Connection: close

<html>
<head><title>405 Not Allowed</title></head>
<body>
<center><h1>405 Not Allowed</h1></center>
<hr><center>nginx/1.18.0</center>
</body>
</html>

----------------------- End response -----------------------
master.thijn.ovh: Did not receive an HTTP/1.1 200 OK response. Full response follows:
---------------------- Begin response ----------------------
HTTP/1.1 400 Bad Request
Server: nginx
Date: Sun, 26 Oct 2025 10:49:27 GMT
Content-Type: text/html; charset=UTF-8
Transfer-Encoding: chunked
Connection: close
X-VCMP-Error: Invalid request - Server unreachable
Strict-Transport-Security: max-age=63072000

0


----------------------- End response -----------------------
master.adtec.ovh: Did not receive an HTTP/1.1 200 OK response. Full response follows:
---------------------- Begin response ----------------------
HTTP/1.1 405 Not Allowed
Date: Sun, 26 Oct 2025 10:51:30 GMT
Content-Type: text/html
Content-Length: 157
Connection: close

<html>
<head><title>405 Not Allowed</title></head>
<body>
<center><h1>405 Not Allowed</h1></center>
<hr><center>nginx/1.18.0</center>
</body>
</html>

----------------------- End response -----------------------
master.adtec.ovh: Did not receive an HTTP/1.1 200 OK response. Full response follows:
---------------------- Begin response ----------------------
HTTP/1.1 405 Not Allowed
Date: Sun, 26 Oct 2025 10:51:39 GMT
Content-Type: text/html
Content-Length: 157
Connection: close

<html>
<head><title>405 Not Allowed</title></head>
<body>
<center><h1>405 Not Allowed</h1></center>
<hr><center>nginx/1.18.0</center>
</body>
</html>

----------------------- End response -----------------------
master.adtec.ovh: Did not receive an HTTP/1.1 200 OK response. Full response follows:
---------------------- Begin response ----------------------
HTTP/1.1 405 Not Allowed
Date: Sun, 26 Oct 2025 10:55:08 GMT
Content-Type: text/html
Content-Length: 157
Connection: close

<html>
<head><title>405 Not Allowed</title></head>
<body>
<center><h1>405 Not Allowed</h1></center>
<hr><center>nginx/1.18.0</center>
</body>
</html>

----------------------- End response -----------------------
master.adtec.ovh: Did not receive an HTTP/1.1 200 OK response. Full response follows:
---------------------- Begin response ----------------------
HTTP/1.1 405 Not Allowed
Date: Sun, 26 Oct 2025 11:57:50 GMT
Content-Type: text/html
Content-Length: 157
Connection: close

<html>
<head><title>405 Not Allowed</title></head>
<body>
<center><h1>405 Not Allowed</h1></center>
<hr><center>nginx/1.18.0</center>
</body>
</html>

----------------------- End response -----------------------
master.thijn.ovh: Did not receive an HTTP/1.1 200 OK response. Full response follows:
---------------------- Begin response ----------------------
HTTP/1.1 400 Bad Request
Server: nginx
Date: Sun, 26 Oct 2025 11:57:55 GMT
Content-Type: text/html; charset=UTF-8
Transfer-Encoding: chunked
Connection: close
X-VCMP-Error: Invalid request - Server unreachable
Strict-Transport-Security: max-age=63072000

0


----------------------- End response -----------------------
master.adtec.ovh: Did not receive an HTTP/1.1 200 OK response. Full response follows:
---------------------- Begin response ----------------------
HTTP/1.1 405 Not Allowed
Date: Sun, 26 Oct 2025 12:18:21 GMT
Content-Type: text/html
Content-Length: 157
Connection: close

<html>
<head><title>405 Not Allowed</title></head>
<body>
<center><h1>405 Not Allowed</h1></center>
<hr><center>nginx/1.18.0</center>
</body>
</html>

----------------------- End response -----------------------
master.adtec.ovh: Did not receive an HTTP/1.1 200 OK response. Full response follows:
---------------------- Begin response ----------------------
HTTP/1.1 405 Not Allowed
Date: Sun, 26 Oct 2025 14:40:35 GMT
Content-Type: text/html
Content-Length: 157
Connection: close

<html>
<head><title>405 Not Allowed</title></head>
<body>
<center><h1>405 Not Allowed</h1></center>
<hr><center>nginx/1.18.0</center>
</body>
</html>

----------------------- End response -----------------------
master.adtec.ovh: Did not receive an HTTP/1.1 200 OK response. Full response follows:
---------------------- Begin response ----------------------
HTTP/1.1 405 Not Allowed
Date: Sun, 26 Oct 2025 14:41:32 GMT
Content-Type: text/html
Content-Length: 157
Connection: close

<html>
<head><title>405 Not Allowed</title></head>
<body>
<center><h1>405 Not Allowed</h1></center>
<hr><center>nginx/1.18.0</center>
</body>
</html>

----------------------- End response -----------------------
master.adtec.ovh: Did not receive an HTTP/1.1 200 OK response. Full response follows:
---------------------- Begin response ----------------------
HTTP/1.1 405 Not Allowed
Date: Sun, 26 Oct 2025 14:43:25 GMT
Content-Type: text/html
Content-Length: 157
Connection: close

<html>
<head><title>405 Not Allowed</title></head>
<body>
<center><h1>405 Not Allowed</h1></center>
<hr><center>nginx/1.18.0</center>
</body>
</html>

----------------------- End response -----------------------
master.adtec.ovh: Did not receive an HTTP/1.1 200 OK response. Full response follows:
---------------------- Begin response ----------------------
HTTP/1.1 405 Not Allowed
Date: Sun, 26 Oct 2025 15:00:10 GMT
Content-Type: text/html
Content-Length: 157
Connection: close

<html>
<head><title>405 Not Allowed</title></head>
<body>
<center><h1>405 Not Allowed</h1></center>
<hr><center>nginx/1.18.0</center>
</body>
</html>

----------------------- End response -----------------------
master.adtec.ovh: Did not receive an HTTP/1.1 200 OK response. Full response follows:
---------------------- Begin response ----------------------
HTTP/1.1 405 Not Allowed
Date: Sun, 26 Oct 2025 15:03:15 GMT
Content-Type: text/html
Content-Length: 157
Connection: close

<html>
<head><title>405 Not Allowed</title></head>
<body>
<center><h1>405 Not Allowed</h1></center>
<hr><center>nginx/1.18.0</center>
</body>
</html>

----------------------- End response -----------------------
master.adtec.ovh: Did not receive an HTTP/1.1 200 OK response. Full response follows:
---------------------- Begin response ----------------------
HTTP/1.1 405 Not Allowed
Date: Sun, 26 Oct 2025 15:04:06 GMT
Content-Type: text/html
Content-Length: 157
Connection: close

<html>
<head><title>405 Not Allowed</title></head>
<body>
<center><h1>405 Not Allowed</h1></center>
<hr><center>nginx/1.18.0</center>
</body>
</html>

----------------------- End response -----------------------
master.adtec.ovh: Did not receive an HTTP/1.1 200 OK response. Full response follows:
---------------------- Begin response ----------------------
HTTP/1.1 405 Not Allowed
Date: Sun, 26 Oct 2025 15:05:22 GMT
Content-Type: text/html
Content-Length: 157
Connection: close

<html>
<head><title>405 Not Allowed</title></head>
<body>
<center><h1>405 Not Allowed</h1></center>
<hr><center>nginx/1.18.0</center>
</body>
</html>

----------------------- End response -----------------------
master.adtec.ovh: Did not receive an HTTP/1.1 200 OK response. Full response follows:
---------------------- Begin response ----------------------
HTTP/1.1 405 Not Allowed
Date: Sun, 26 Oct 2025 15:05:39 GMT
Content-Type: text/html
Content-Length: 157
Connection: close

<html>
<head><title>405 Not Allowed</title></head>
<body>
<center><h1>405 Not Allowed</h1></center>
<hr><center>nginx/1.18.0</center>
</body>
</html>

----------------------- End response -----------------------
master.adtec.ovh: Did not receive an HTTP/1.1 200 OK response. Full response follows:
---------------------- Begin response ----------------------
HTTP/1.1 405 Not Allowed
Date: Sun, 26 Oct 2025 15:06:57 GMT
Content-Type: text/html
Content-Length: 157
Connection: close

<html>
<head><title>405 Not Allowed</title></head>
<body>
<center><h1>405 Not Allowed</h1></center>
<hr><center>nginx/1.18.0</center>
</body>
</html>

----------------------- End response -----------------------
master.adtec.ovh: Did not receive an HTTP/1.1 200 OK response. Full response follows:
---------------------- Begin response ----------------------
HTTP/1.1 405 Not Allowed
Date: Sun, 26 Oct 2025 15:07:03 GMT
Content-Type: text/html
Content-Length: 157
Connection: close

<html>
<head><title>405 Not Allowed</title></head>
<body>
<center><h1>405 Not Allowed</h1></center>
<hr><center>nginx/1.18.0</center>
</body>
</html>

----------------------- End response -----------------------
master.adtec.ovh: Did not receive an HTTP/1.1 200 OK response. Full response follows:
---------------------- Begin response ----------------------
HTTP/1.1 405 Not Allowed
Date: Sun, 26 Oct 2025 15:08:17 GMT
Content-Type: text/html
Content-Length: 157
Connection: close

<html>
<head><title>405 Not Allowed</title></head>
<body>
<center><h1>405 Not Allowed</h1></center>
<hr><center>nginx/1.18.0</center>
</body>
</html>

----------------------- End response -----------------------
master.adtec.ovh: Did not receive an HTTP/1.1 200 OK response. Full response follows:
---------------------- Begin response ----------------------
HTTP/1.1 405 Not Allowed
Date: Sun, 26 Oct 2025 15:08:38 GMT
Content-Type: text/html
Content-Length: 157
Connection: close

<html>
<head><title>405 Not Allowed</title></head>
<body>
<center><h1>405 Not Allowed</h1></center>
<hr><center>nginx/1.18.0</center>
</body>
</html>

----------------------- End response -----------------------
master.adtec.ovh: Did not receive an HTTP/1.1 200 OK response. Full response follows:
---------------------- Begin response ----------------------
HTTP/1.1 405 Not Allowed
Date: Sun, 26 Oct 2025 15:08:48 GMT
Content-Type: text/html
Content-Length: 157
Connection: close

<html>
<head><title>405 Not Allowed</title></head>
<body>
<center><h1>405 Not Allowed</h1></center>
<hr><center>nginx/1.18.0</center>
</body>
</html>

----------------------- End response -----------------------
master.adtec.ovh: Did not receive an HTTP/1.1 200 OK response. Full response follows:
---------------------- Begin response ----------------------
HTTP/1.1 405 Not Allowed
Date: Sun, 26 Oct 2025 15:09:29 GMT
Content-Type: text/html
Content-Length: 157
Connection: close

<html>
<head><title>405 Not Allowed</title></head>
<body>
<center><h1>405 Not Allowed</h1></center>
<hr><center>nginx/1.18.0</center>
</body>
</html>

----------------------- End response -----------------------
master.adtec.ovh: Did not receive an HTTP/1.1 200 OK response. Full response follows:
---------------------- Begin response ----------------------
HTTP/1.1 405 Not Allowed
Date: Sun, 26 Oct 2025 15:12:00 GMT
Content-Type: text/html
Content-Length: 157
Connection: close

<html>
<head><title>405 Not Allowed</title></head>
<body>
<center><h1>405 Not Allowed</h1></center>
<hr><center>nginx/1.18.0</center>
</body>
</html>

----------------------- End response -----------------------
master.adtec.ovh: Did not receive an HTTP/1.1 200 OK response. Full response follows:
---------------------- Begin response ----------------------
HTTP/1.1 405 Not Allowed
Date: Sun, 26 Oct 2025 15:13:38 GMT
Content-Type: text/html
Content-Length: 157
Connection: close

<html>
<head><title>405 Not Allowed</title></head>
<body>
<center><h1>405 Not Allowed</h1></center>
<hr><center>nginx/1.18.0</center>
</body>
</html>

----------------------- End response -----------------------
master.adtec.ovh: Did not receive an HTTP/1.1 200 OK response. Full response follows:
---------------------- Begin response ----------------------
HTTP/1.1 405 Not Allowed
Date: Sun, 26 Oct 2025 15:17:02 GMT
Content-Type: text/html
Content-Length: 157
Connection: close

<html>
<head><title>405 Not Allowed</title></head>
<body>
<center><h1>405 Not Allowed</h1></center>
<hr><center>nginx/1.18.0</center>
</body>
</html>

----------------------- End response -----------------------
master.adtec.ovh: Did not receive an HTTP/1.1 200 OK response. Full response follows:
---------------------- Begin response ----------------------
HTTP/1.1 405 Not Allowed
Date: Sun, 26 Oct 2025 15:20:32 GMT
Content-Type: text/html
Content-Length: 157
Connection: close

<html>
<head><title>405 Not Allowed</title></head>
<body>
<center><h1>405 Not Allowed</h1></center>
<hr><center>nginx/1.18.0</center>
</body>
</html>

----------------------- End response -----------------------
master.adtec.ovh: Did not receive an HTTP/1.1 200 OK response. Full response follows:
---------------------- Begin response ----------------------
HTTP/1.1 405 Not Allowed
Date: Sun, 26 Oct 2025 15:22:57 GMT
Content-Type: text/html
Content-Length: 157
Connection: close

<html>
<head><title>405 Not Allowed</title></head>
<body>
<center><h1>405 Not Allowed</h1></center>
<hr><center>nginx/1.18.0</center>
</body>
</html>

----------------------- End response -----------------------
master.adtec.ovh: Did not receive an HTTP/1.1 200 OK response. Full response follows:
---------------------- Begin response ----------------------
HTTP/1.1 405 Not Allowed
Date: Sun, 26 Oct 2025 15:23:59 GMT
Content-Type: text/html
Content-Length: 157
Connection: close

<html>
<head><title>405 Not Allowed</title></head>
<body>
<center><h1>405 Not Allowed</h1></center>
<hr><center>nginx/1.18.0</center>
</body>
</html>

----------------------- End response -----------------------
master.thijn.ovh: Did not receive an HTTP/1.1 200 OK response. Full response follows:
---------------------- Begin response ----------------------
HTTP/1.1 400 Bad Request
Server: nginx
Date: Sun, 26 Oct 2025 15:24:02 GMT
Content-Type: text/html; charset=UTF-8
Transfer-Encoding: chunked
Connection: close
X-VCMP-Error: Invalid request - Server unreachable
Strict-Transport-Security: max-age=63072000

0


----------------------- End response -----------------------
master.adtec.ovh: Did not receive an HTTP/1.1 200 OK response. Full response follows:
---------------------- Begin response ----------------------
HTTP/1.1 405 Not Allowed
Date: Sun, 26 Oct 2025 15:28:14 GMT
Content-Type: text/html
Content-Length: 157
Connection: close

<html>
<head><title>405 Not Allowed</title></head>
<body>
<center><h1>405 Not Allowed</h1></center>
<hr><center>nginx/1.18.0</center>
</body>
</html>

----------------------- End response -----------------------
master.adtec.ovh: Did not receive an HTTP/1.1 200 OK response. Full response follows:
---------------------- Begin response ----------------------
HTTP/1.1 405 Not Allowed
Date: Sun, 26 Oct 2025 15:30:00 GMT
Content-Type: text/html
Content-Length: 157
Connection: close

<html>
<head><title>405 Not Allowed</title></head>
<body>
<center><h1>405 Not Allowed</h1></center>
<hr><center>nginx/1.18.0</center>
</body>
</html>

----------------------- End response -----------------------
master.thijn.ovh: Did not receive an HTTP/1.1 200 OK response. Full response follows:
---------------------- Begin response ----------------------
HTTP/1.1 400 Bad Request
Server: nginx
Date: Sun, 26 Oct 2025 15:30:04 GMT
Content-Type: text/html; charset=UTF-8
Transfer-Encoding: chunked
Connection: close
X-VCMP-Error: Invalid request - Server unreachable
Strict-Transport-Security: max-age=63072000

0


----------------------- End response -----------------------
master.adtec.ovh: Did not receive an HTTP/1.1 200 OK response. Full response follows:
---------------------- Begin response ----------------------
HTTP/1.1 405 Not Allowed
Date: Sun, 26 Oct 2025 15:30:29 GMT
Content-Type: text/html
Content-Length: 157
Connection: close

<html>
<head><title>405 Not Allowed</title></head>
<body>
<center><h1>405 Not Allowed</h1></center>
<hr><center>nginx/1.18.0</center>
</body>
</html>

----------------------- End response -----------------------
master.adtec.ovh: Did not receive an HTTP/1.1 200 OK response. Full response follows:
---------------------- Begin response ----------------------
HTTP/1.1 405 Not Allowed
Date: Sun, 26 Oct 2025 15:30:40 GMT
Content-Type: text/html
Content-Length: 157
Connection: close

<html>
<head><title>405 Not Allowed</title></head>
<body>
<center><h1>405 Not Allowed</h1></center>
<hr><center>nginx/1.18.0</center>
</body>
</html>

----------------------- End response -----------------------
master.adtec.ovh: Did not receive an HTTP/1.1 200 OK response. Full response follows:
---------------------- Begin response ----------------------
HTTP/1.1 405 Not Allowed
Date: Sun, 26 Oct 2025 15:30:48 GMT
Content-Type: text/html
Content-Length: 157
Connection: close

<html>
<head><title>405 Not Allowed</title></head>
<body>
<center><h1>405 Not Allowed</h1></center>
<hr><center>nginx/1.18.0</center>
</body>
</html>

----------------------- End response -----------------------
master.adtec.ovh: Did not receive an HTTP/1.1 200 OK response. Full response follows:
---------------------- Begin response ----------------------
HTTP/1.1 405 Not Allowed
Date: Sun, 26 Oct 2025 15:33:13 GMT
Content-Type: text/html
Content-Length: 157
Connection: close

<html>
<head><title>405 Not Allowed</title></head>
<body>
<center><h1>405 Not Allowed</h1></center>
<hr><center>nginx/1.18.0</center>
</body>
</html>

----------------------- End response -----------------------
master.adtec.ovh: Did not receive an HTTP/1.1 200 OK response. Full response follows:
---------------------- Begin response ----------------------
HTTP/1.1 405 Not Allowed
Date: Mon, 27 Oct 2025 12:34:20 GMT
Content-Type: text/html
Content-Length: 157
Connection: close

<html>
<head><title>405 Not Allowed</title></head>
<body>
<center><h1>405 Not Allowed</h1></center>
<hr><center>nginx/1.18.0</center>
</body>
</html>

----------------------- End response -----------------------
master.adtec.ovh: Did not receive an HTTP/1.1 200 OK response. Full response follows:
---------------------- Begin response ----------------------
HTTP/1.1 405 Not Allowed
Date: Mon, 27 Oct 2025 12:34:34 GMT
Content-Type: text/html
Content-Length: 157
Connection: close

<html>
<head><title>405 Not Allowed</title></head>
<body>
<center><h1>405 Not Allowed</h1></center>
<hr><center>nginx/1.18.0</center>
</body>
</html>

----------------------- End response -----------------------
master.adtec.ovh: Did not receive an HTTP/1.1 200 OK response. Full response follows:
---------------------- Begin response ----------------------
HTTP/1.1 405 Not Allowed
Date: Mon, 27 Oct 2025 12:35:14 GMT
Content-Type: text/html
Content-Length: 157
Connection: close

<html>
<head><title>405 Not Allowed</title></head>
<body>
<center><h1>405 Not Allowed</h1></center>
<hr><center>nginx/1.18.0</center>
</body>
</html>

----------------------- End response -----------------------
master.adtec.ovh: Did not receive an HTTP/1.1 200 OK response. Full response follows:
---------------------- Begin response ----------------------
HTTP/1.1 405 Not Allowed
Date: Mon, 27 Oct 2025 12:35:42 GMT
Content-Type: text/html
Content-Length: 157
Connection: close

<html>
<head><title>405 Not Allowed</title></head>
<body>
<center><h1>405 Not Allowed</h1></center>
<hr><center>nginx/1.18.0</center>
</body>
</html>

----------------------- End response -----------------------
master.adtec.ovh: Did not receive an HTTP/1.1 200 OK response. Full response follows:
---------------------- Begin response ----------------------
HTTP/1.1 405 Not Allowed
Date: Mon, 27 Oct 2025 12:35:54 GMT
Content-Type: text/html
Content-Length: 157
Connection: close

<html>
<head><title>405 Not Allowed</title></head>
<body>
<center><h1>405 Not Allowed</h1></center>
<hr><center>nginx/1.18.0</center>
</body>
</html>

----------------------- End response -----------------------
master.thijn.ovh: Did not receive an HTTP/1.1 200 OK response. Full response follows:
---------------------- Begin response ----------------------
HTTP/1.1 400 Bad Request
Server: nginx
Date: Mon, 27 Oct 2025 12:35:58 GMT
Content-Type: text/html; charset=UTF-8
Transfer-Encoding: chunked
Connection: close
X-VCMP-Error: Invalid request - Server unreachable
Strict-Transport-Security: max-age=63072000

0


----------------------- End response -----------------------
master.adtec.ovh: Did not receive an HTTP/1.1 200 OK response. Full response follows:
---------------------- Begin response ----------------------
HTTP/1.1 405 Not Allowed
Date: Mon, 27 Oct 2025 12:36:09 GMT
Content-Type: text/html
Content-Length: 157
Connection: close

<html>
<head><title>405 Not Allowed</title></head>
<body>
<center><h1>405 Not Allowed</h1></center>
<hr><center>nginx/1.18.0</center>
</body>
</html>

----------------------- End response -----------------------
master.thijn.ovh: Did not receive an HTTP/1.1 200 OK response. Full response follows:
---------------------- Begin response ----------------------
HTTP/1.1 400 Bad Request
Server: nginx
Date: Mon, 27 Oct 2025 12:36:12 GMT
Content-Type: text/html; charset=UTF-8
Transfer-Encoding: chunked
Connection: close
X-VCMP-Error: Invalid request - Server unreachable
Strict-Transport-Security: max-age=63072000

0


----------------------- End response -----------------------
master.adtec.ovh: Did not receive an HTTP/1.1 200 OK response. Full response follows:
---------------------- Begin response ----------------------
HTTP/1.1 405 Not Allowed
Date: Mon, 27 Oct 2025 12:36:44 GMT
Content-Type: text/html
Content-Length: 157
Connection: close

<html>
<head><title>405 Not Allowed</title></head>
<body>
<center><h1>405 Not Allowed</h1></center>
<hr><center>nginx/1.18.0</center>
</body>
</html>

----------------------- End response -----------------------
master.adtec.ovh: Did not receive an HTTP/1.1 200 OK response. Full response follows:
---------------------- Begin response ----------------------
HTTP/1.1 405 Not Allowed
Date: Mon, 27 Oct 2025 12:37:37 GMT
Content-Type: text/html
Content-Length: 157
Connection: close

<html>
<head><title>405 Not Allowed</title></head>
<body>
<center><h1>405 Not Allowed</h1></center>
<hr><center>nginx/1.18.0</center>
</body>
</html>

----------------------- End response -----------------------
master.adtec.ovh: Did not receive an HTTP/1.1 200 OK response. Full response follows:
---------------------- Begin response ----------------------
HTTP/1.1 405 Not Allowed
Date: Mon, 27 Oct 2025 12:37:43 GMT
Content-Type: text/html
Content-Length: 157
Connection: close

<html>
<head><title>405 Not Allowed</title></head>
<body>
<center><h1>405 Not Allowed</h1></center>
<hr><center>nginx/1.18.0</center>
</body>
</html>

----------------------- End response -----------------------
master.adtec.ovh: Did not receive an HTTP/1.1 200 OK response. Full response follows:
---------------------- Begin response ----------------------
HTTP/1.1 405 Not Allowed
Date: Mon, 27 Oct 2025 12:38:20 GMT
Content-Type: text/html
Content-Length: 157
Connection: close

<html>
<head><title>405 Not Allowed</title></head>
<body>
<center><h1>405 Not Allowed</h1></center>
<hr><center>nginx/1.18.0</center>
</body>
</html>

----------------------- End response -----------------------
master.thijn.ovh: Did not receive an HTTP/1.1 200 OK response. Full response follows:
---------------------- Begin response ----------------------
HTTP/1.1 400 Bad Request
Server: nginx
Date: Mon, 27 Oct 2025 12:38:23 GMT
Content-Type: text/html; charset=UTF-8
Transfer-Encoding: chunked
Connection: close
X-VCMP-Error: Invalid request - Server unreachable
Strict-Transport-Security: max-age=63072000

0


----------------------- End response -----------------------
master.adtec.ovh: Did not receive an HTTP/1.1 200 OK response. Full response follows:
---------------------- Begin response ----------------------
HTTP/1.1 405 Not Allowed
Date: Mon, 27 Oct 2025 12:38:33 GMT
Content-Type: text/html
Content-Length: 157
Connection: close

<html>
<head><title>405 Not Allowed</title></head>
<body>
<center><h1>405 Not Allowed</h1></center>
<hr><center>nginx/1.18.0</center>
</body>
</html>

----------------------- End response -----------------------
master.adtec.ovh: Did not receive an HTTP/1.1 200 OK response. Full response follows:
---------------------- Begin response ----------------------
HTTP/1.1 405 Not Allowed
Date: Mon, 27 Oct 2025 12:41:11 GMT
Content-Type: text/html
Content-Length: 157
Connection: close

<html>
<head><title>405 Not Allowed</title></head>
<body>
<center><h1>405 Not Allowed</h1></center>
<hr><center>nginx/1.18.0</center>
</body>
</html>

----------------------- End response -----------------------
master.thijn.ovh: Did not receive an HTTP/1.1 200 OK response. Full response follows:
---------------------- Begin response ----------------------
HTTP/1.1 400 Bad Request
Server: nginx
Date: Mon, 27 Oct 2025 12:41:15 GMT
Content-Type: text/html; charset=UTF-8
Transfer-Encoding: chunked
Connection: close
X-VCMP-Error: Invalid request - Server unreachable
Strict-Transport-Security: max-age=63072000

0


----------------------- End response -----------------------
master.adtec.ovh: Did not receive an HTTP/1.1 200 OK response. Full response follows:
---------------------- Begin response ----------------------
HTTP/1.1 405 Not Allowed
Date: Mon, 27 Oct 2025 12:41:25 GMT
Content-Type: text/html
Content-Length: 157
Connection: close

<html>
<head><title>405 Not Allowed</title></head>
<body>
<center><h1>405 Not Allowed</h1></center>
<hr><center>nginx/1.18.0</center>
</body>
</html>

----------------------- End response -----------------------
master.adtec.ovh: Did not receive an HTTP/1.1 200 OK response. Full response follows:
---------------------- Begin response ----------------------
HTTP/1.1 405 Not Allowed
Date: Mon, 27 Oct 2025 12:43:41 GMT
Content-Type: text/html
Content-Length: 157
Connection: close

<html>
<head><title>405 Not Allowed</title></head>
<body>
<center><h1>405 Not Allowed</h1></center>
<hr><center>nginx/1.18.0</center>
</body>
</html>

----------------------- End response -----------------------
master.adtec.ovh: Did not receive an HTTP/1.1 200 OK response. Full response follows:
---------------------- Begin response ----------------------
HTTP/1.1 405 Not Allowed
Date: Sat, 01 Nov 2025 04:36:46 GMT
Content-Type: text/html
Content-Length: 157
Connection: close

<html>
<head><title>405 Not Allowed</title></head>
<body>
<center><h1>405 Not Allowed</h1></center>
<hr><center>nginx/1.18.0</center>
</body>
</html>

----------------------- End response -----------------------
master.adtec.ovh: Did not receive an HTTP/1.1 200 OK response. Full response follows:
---------------------- Begin response ----------------------
HTTP/1.1 405 Not Allowed
Date: Sat, 01 Nov 2025 04:37:08 GMT
Content-Type: text/html
Content-Length: 157
Connection: close

<html>
<head><title>405 Not Allowed</title></head>
<body>
<center><h1>405 Not Allowed</h1></center>
<hr><center>nginx/1.18.0</center>
</body>
</html>

----------------------- End response -----------------------
master.adtec.ovh: Did not receive an HTTP/1.1 200 OK response. Full response follows:
---------------------- Begin response ----------------------
HTTP/1.1 405 Not Allowed
Date: Sat, 01 Nov 2025 04:39:33 GMT
Content-Type: text/html
Content-Length: 157
Connection: close

<html>
<head><title>405 Not Allowed</title></head>
<body>
<center><h1>405 Not Allowed</h1></center>
<hr><center>nginx/1.18.0</center>
</body>
</html>

----------------------- End response -----------------------
master.adtec.ovh: Did not receive an HTTP/1.1 200 OK response. Full response follows:
---------------------- Begin response ----------------------
HTTP/1.1 405 Not Allowed
Date: Sat, 01 Nov 2025 04:40:04 GMT
Content-Type: text/html
Content-Length: 157
Connection: close

<html>
<head><title>405 Not Allowed</title></head>
<body>
<center><h1>405 Not Allowed</h1></center>
<hr><center>nginx/1.18.0</center>
</body>
</html>

----------------------- End response -----------------------
master.adtec.ovh: Did not receive an HTTP/1.1 200 OK response. Full response follows:
---------------------- Begin response ----------------------
HTTP/1.1 405 Not Allowed
Date: Sat, 01 Nov 2025 04:42:32 GMT
Content-Type: text/html
Content-Length: 157
Connection: close

<html>
<head><title>405 Not Allowed</title></head>
<body>
<center><h1>405 Not Allowed</h1></center>
<hr><center>nginx/1.18.0</center>
</body>
</html>

----------------------- End response -----------------------
master.adtec.ovh: Did not receive an HTTP/1.1 200 OK response. Full response follows:
---------------------- Begin response ----------------------
HTTP/1.1 405 Not Allowed
Date: Sat, 01 Nov 2025 04:43:34 GMT
Content-Type: text/html
Content-Length: 157
Connection: close

<html>
<head><title>405 Not Allowed</title></head>
<body>
<center><h1>405 Not Allowed</h1></center>
<hr><center>nginx/1.18.0</center>
</body>
</html>

----------------------- End response -----------------------
master.adtec.ovh: Did not receive an HTTP/1.1 200 OK response. Full response follows:
---------------------- Begin response ----------------------
HTTP/1.1 405 Not Allowed
Date: Sat, 01 Nov 2025 04:43:58 GMT
Content-Type: text/html
Content-Length: 157
Connection: close

<html>
<head><title>405 Not Allowed</title></head>
<body>
<center><h1>405 Not Allowed</h1></center>
<hr><center>nginx/1.18.0</center>
</body>
</html>

----------------------- End response -----------------------
master.thijn.ovh: Did not receive an HTTP/1.1 200 OK response. Full response follows:
---------------------- Begin response ----------------------
HTTP/1.1 400 Bad Request
Server: nginx
Date: Sat, 01 Nov 2025 04:44:01 GMT
Content-Type: text/html; charset=UTF-8
Transfer-Encoding: chunked
Connection: close
X-VCMP-Error: Invalid request - Server unreachable
Strict-Transport-Security: max-age=63072000

0


----------------------- End response -----------------------
master.adtec.ovh: Did not receive an HTTP/1.1 200 OK response. Full response follows:
---------------------- Begin response ----------------------
HTTP/1.1 405 Not Allowed
Date: Sat, 01 Nov 2025 04:44:46 GMT
Content-Type: text/html
Content-Length: 157
Connection: close

<html>
<head><title>405 Not Allowed</title></head>
<body>
<center><h1>405 Not Allowed</h1></center>
<hr><center>nginx/1.18.0</center>
</body>
</html>

----------------------- End response -----------------------
master.adtec.ovh: Did not receive an HTTP/1.1 200 OK response. Full response follows:
---------------------- Begin response ----------------------
HTTP/1.1 405 Not Allowed
Date: Sat, 01 Nov 2025 04:45:24 GMT
Content-Type: text/html
Content-Length: 157
Connection: close

<html>
<head><title>405 Not Allowed</title></head>
<body>
<center><h1>405 Not Allowed</h1></center>
<hr><center>nginx/1.18.0</center>
</body>
</html>

----------------------- End response -----------------------
master.adtec.ovh: Did not receive an HTTP/1.1 200 OK response. Full response follows:
---------------------- Begin response ----------------------
HTTP/1.1 405 Not Allowed
Date: Sat, 01 Nov 2025 04:45:56 GMT
Content-Type: text/html
Content-Length: 157
Connection: close

<html>
<head><title>405 Not Allowed</title></head>
<body>
<center><h1>405 Not Allowed</h1></center>
<hr><center>nginx/1.18.0</center>
</body>
</html>

----------------------- End response -----------------------
master.adtec.ovh: Did not receive an HTTP/1.1 200 OK response. Full response follows:
---------------------- Begin response ----------------------
HTTP/1.1 405 Not Allowed
Date: Sat, 01 Nov 2025 04:47:03 GMT
Content-Type: text/html
Content-Length: 157
Connection: close

<html>
<head><title>405 Not Allowed</title></head>
<body>
<center><h1>405 Not Allowed</h1></center>
<hr><center>nginx/1.18.0</center>
</body>
</html>

----------------------- End response -----------------------
master.adtec.ovh: Did not receive an HTTP/1.1 200 OK response. Full response follows:
---------------------- Begin response ----------------------
HTTP/1.1 405 Not Allowed
Date: Sat, 01 Nov 2025 04:51:28 GMT
Content-Type: text/html
Content-Length: 157
Connection: close

<html>
<head><title>405 Not Allowed</title></head>
<body>
<center><h1>405 Not Allowed</h1></center>
<hr><center>nginx/1.18.0</center>
</body>
</html>

----------------------- End response -----------------------
master.adtec.ovh: Did not receive an HTTP/1.1 200 OK response. Full response follows:
---------------------- Begin response ----------------------
HTTP/1.1 405 Not Allowed
Date: Sat, 01 Nov 2025 04:51:46 GMT
Content-Type: text/html
Content-Length: 157
Connection: close

<html>
<head><title>405 Not Allowed</title></head>
<body>
<center><h1>405 Not Allowed</h1></center>
<hr><center>nginx/1.18.0</center>
</body>
</html>

----------------------- End response -----------------------
master.thijn.ovh: Did not receive an HTTP/1.1 200 OK response. Full response follows:
---------------------- Begin response ----------------------
HTTP/1.1 400 Bad Request
Server: nginx
Date: Sat, 01 Nov 2025 04:51:50 GMT
Content-Type: text/html; charset=UTF-8
Transfer-Encoding: chunked
Connection: close
X-VCMP-Error: Invalid request - Server unreachable
Strict-Transport-Security: max-age=63072000

0


----------------------- End response -----------------------
master.adtec.ovh: Did not receive an HTTP/1.1 200 OK response. Full response follows:
---------------------- Begin response ----------------------
HTTP/1.1 405 Not Allowed
Date: Sat, 01 Nov 2025 04:52:11 GMT
Content-Type: text/html
Content-Length: 157
Connection: close

<html>
<head><title>405 Not Allowed</title></head>
<body>
<center><h1>405 Not Allowed</h1></center>
<hr><center>nginx/1.18.0</center>
</body>
</html>

----------------------- End response -----------------------
master.adtec.ovh: Did not receive an HTTP/1.1 200 OK response. Full response follows:
---------------------- Begin response ----------------------
HTTP/1.1 405 Not Allowed
Date: Sat, 01 Nov 2025 04:53:18 GMT
Content-Type: text/html
Content-Length: 157
Connection: close

<html>
<head><title>405 Not Allowed</title></head>
<body>
<center><h1>405 Not Allowed</h1></center>
<hr><center>nginx/1.18.0</center>
</body>
</html>

----------------------- End response -----------------------
master.adtec.ovh: Did not receive an HTTP/1.1 200 OK response. Full response follows:
---------------------- Begin response ----------------------
HTTP/1.1 405 Not Allowed
Date: Sat, 01 Nov 2025 04:58:37 GMT
Content-Type: text/html
Content-Length: 157
Connection: close

<html>
<head><title>405 Not Allowed</title></head>
<body>
<center><h1>405 Not Allowed</h1></center>
<hr><center>nginx/1.18.0</center>
</body>
</html>

----------------------- End response -----------------------
master.adtec.ovh: Did not receive an HTTP/1.1 200 OK response. Full response follows:
---------------------- Begin response ----------------------
HTTP/1.1 405 Not Allowed
Date: Sat, 01 Nov 2025 04:59:15 GMT
Content-Type: text/html
Content-Length: 157
Connection: close

<html>
<head><title>405 Not Allowed</title></head>
<body>
<center><h1>405 Not Allowed</h1></center>
<hr><center>nginx/1.18.0</center>
</body>
</html>

----------------------- End response -----------------------
master.adtec.ovh: Did not receive an HTTP/1.1 200 OK response. Full response follows:
---------------------- Begin response ----------------------
HTTP/1.1 405 Not Allowed
Date: Sat, 01 Nov 2025 04:59:40 GMT
Content-Type: text/html
Content-Length: 157
Connection: close

<html>
<head><title>405 Not Allowed</title></head>
<body>
<center><h1>405 Not Allowed</h1></center>
<hr><center>nginx/1.18.0</center>
</body>
</html>

----------------------- End response -----------------------
master.adtec.ovh: Did not receive an HTTP/1.1 200 OK response. Full response follows:
---------------------- Begin response ----------------------
HTTP/1.1 405 Not Allowed
Date: Sat, 01 Nov 2025 05:00:37 GMT
Content-Type: text/html
Content-Length: 157
Connection: close

<html>
<head><title>405 Not Allowed</title></head>
<body>
<center><h1>405 Not Allowed</h1></center>
<hr><center>nginx/1.18.0</center>
</body>
</html>

----------------------- End response -----------------------
master.adtec.ovh: Did not receive an HTTP/1.1 200 OK response. Full response follows:
---------------------- Begin response ----------------------
HTTP/1.1 405 Not Allowed
Date: Sat, 01 Nov 2025 05:01:00 GMT
Content-Type: text/html
Content-Length: 157
Connection: close

<html>
<head><title>405 Not Allowed</title></head>
<body>
<center><h1>405 Not Allowed</h1></center>
<hr><center>nginx/1.18.0</center>
</body>
</html>

----------------------- End response -----------------------
master.thijn.ovh: Did not receive an HTTP/1.1 200 OK response. Full response follows:
---------------------- Begin response ----------------------
HTTP/1.1 400 Bad Request
Server: nginx
Date: Sat, 01 Nov 2025 05:01:03 GMT
Content-Type: text/html; charset=UTF-8
Transfer-Encoding: chunked
Connection: close
X-VCMP-Error: Invalid request - Server unreachable
Strict-Transport-Security: max-age=63072000

0


----------------------- End response -----------------------
master.adtec.ovh: Did not receive an HTTP/1.1 200 OK response. Full response follows:
---------------------- Begin response ----------------------
HTTP/1.1 405 Not Allowed
Date: Sat, 01 Nov 2025 05:02:05 GMT
Content-Type: text/html
Content-Length: 157
Connection: close

<html>
<head><title>405 Not Allowed</title></head>
<body>
<center><h1>405 Not Allowed</h1></center>
<hr><center>nginx/1.18.0</center>
</body>
</html>

----------------------- End response -----------------------
master.thijn.ovh: Did not receive an HTTP/1.1 200 OK response. Full response follows:
---------------------- Begin response ----------------------
HTTP/1.1 400 Bad Request
Server: nginx
Date: Sat, 01 Nov 2025 05:02:09 GMT
Content-Type: text/html; charset=UTF-8
Transfer-Encoding: chunked
Connection: close
X-VCMP-Error: Invalid request - Server unreachable
Strict-Transport-Security: max-age=63072000

0


----------------------- End response -----------------------
master.adtec.ovh: Did not receive an HTTP/1.1 200 OK response. Full response follows:
---------------------- Begin response ----------------------
HTTP/1.1 405 Not Allowed
Date: Sat, 01 Nov 2025 05:02:37 GMT
Content-Type: text/html
Content-Length: 157
Connection: close

<html>
<head><title>405 Not Allowed</title></head>
<body>
<center><h1>405 Not Allowed</h1></center>
<hr><center>nginx/1.18.0</center>
</body>
</html>

----------------------- End response -----------------------
master.thijn.ovh: Did not receive an HTTP/1.1 200 OK response. Full response follows:
---------------------- Begin response ----------------------
HTTP/1.1 400 Bad Request
Server: nginx
Date: Sat, 01 Nov 2025 05:02:41 GMT
Content-Type: text/html; charset=UTF-8
Transfer-Encoding: chunked
Connection: close
X-VCMP-Error: Invalid request - Server unreachable
Strict-Transport-Security: max-age=63072000

0


----------------------- End response -----------------------
master.adtec.ovh: Did not receive an HTTP/1.1 200 OK response. Full response follows:
---------------------- Begin response ----------------------
HTTP/1.1 405 Not Allowed
Date: Sat, 01 Nov 2025 05:03:05 GMT
Content-Type: text/html
Content-Length: 157
Connection: close

<html>
<head><title>405 Not Allowed</title></head>
<body>
<center><h1>405 Not Allowed</h1></center>
<hr><center>nginx/1.18.0</center>
</body>
</html>

----------------------- End response -----------------------
master.thijn.ovh: Did not receive an HTTP/1.1 200 OK response. Full response follows:
---------------------- Begin response ----------------------
HTTP/1.1 400 Bad Request
Server: nginx
Date: Sat, 01 Nov 2025 05:03:09 GMT
Content-Type: text/html; charset=UTF-8
Transfer-Encoding: chunked
Connection: close
X-VCMP-Error: Invalid request - Server unreachable
Strict-Transport-Security: max-age=63072000

0


----------------------- End response -----------------------
master.adtec.ovh: Did not receive an HTTP/1.1 200 OK response. Full response follows:
---------------------- Begin response ----------------------
HTTP/1.1 405 Not Allowed
Date: Sat, 01 Nov 2025 05:04:11 GMT
Content-Type: text/html
Content-Length: 157
Connection: close

<html>
<head><title>405 Not Allowed</title></head>
<body>
<center><h1>405 Not Allowed</h1></center>
<hr><center>nginx/1.18.0</center>
</body>
</html>

----------------------- End response -----------------------
master.thijn.ovh: Did not receive an HTTP/1.1 200 OK response. Full response follows:
---------------------- Begin response ----------------------
HTTP/1.1 400 Bad Request
Server: nginx
Date: Sat, 01 Nov 2025 05:04:16 GMT
Content-Type: text/html; charset=UTF-8
Transfer-Encoding: chunked
Connection: close
X-VCMP-Error: Invalid request - Server unreachable
Strict-Transport-Security: max-age=63072000

0


----------------------- End response -----------------------
master.adtec.ovh: Did not receive an HTTP/1.1 200 OK response. Full response follows:
---------------------- Begin response ----------------------
HTTP/1.1 405 Not Allowed
Date: Sat, 01 Nov 2025 05:05:21 GMT
Content-Type: text/html
Content-Length: 157
Connection: close

<html>
<head><title>405 Not Allowed</title></head>
<body>
<center><h1>405 Not Allowed</h1></center>
<hr><center>nginx/1.18.0</center>
</body>
</html>

----------------------- End response -----------------------
master.adtec.ovh: Did not receive an HTTP/1.1 200 OK response. Full response follows:
---------------------- Begin response ----------------------
HTTP/1.1 405 Not Allowed
Date: Sat, 01 Nov 2025 05:06:16 GMT
Content-Type: text/html
Content-Length: 157
Connection: close

<html>
<head><title>405 Not Allowed</title></head>
<body>
<center><h1>405 Not Allowed</h1></center>
<hr><center>nginx/1.18.0</center>
</body>
</html>

----------------------- End response -----------------------
master.thijn.ovh: Did not receive an HTTP/1.1 200 OK response. Full response follows:
---------------------- Begin response ----------------------
HTTP/1.1 400 Bad Request
Server: nginx
Date: Sat, 01 Nov 2025 05:06:20 GMT
Content-Type: text/html; charset=UTF-8
Transfer-Encoding: chunked
Connection: close
X-VCMP-Error: Invalid request - Server unreachable
Strict-Transport-Security: max-age=63072000

0


----------------------- End response -----------------------
master.adtec.ovh: Did not receive an HTTP/1.1 200 OK response. Full response follows:
---------------------- Begin response ----------------------
HTTP/1.1 405 Not Allowed
Date: Sat, 01 Nov 2025 05:08:47 GMT
Content-Type: text/html
Content-Length: 157
Connection: close

<html>
<head><title>405 Not Allowed</title></head>
<body>
<center><h1>405 Not Allowed</h1></center>
<hr><center>nginx/1.18.0</center>
</body>
</html>

----------------------- End response -----------------------
master.adtec.ovh: Did not receive an HTTP/1.1 200 OK response. Full response follows:
---------------------- Begin response ----------------------
HTTP/1.1 405 Not Allowed
Date: Sat, 01 Nov 2025 05:09:31 GMT
Content-Type: text/html
Content-Length: 157
Connection: close

<html>
<head><title>405 Not Allowed</title></head>
<body>
<center><h1>405 Not Allowed</h1></center>
<hr><center>nginx/1.18.0</center>
</body>
</html>

----------------------- End response -----------------------
master.adtec.ovh: Did not receive an HTTP/1.1 200 OK response. Full response follows:
---------------------- Begin response ----------------------
HTTP/1.1 405 Not Allowed
Date: Sat, 01 Nov 2025 05:09:49 GMT
Content-Type: text/html
Content-Length: 157
Connection: close

<html>
<head><title>405 Not Allowed</title></head>
<body>
<center><h1>405 Not Allowed</h1></center>
<hr><center>nginx/1.18.0</center>
</body>
</html>

----------------------- End response -----------------------
master.adtec.ovh: Did not receive an HTTP/1.1 200 OK response. Full response follows:
---------------------- Begin response ----------------------
HTTP/1.1 405 Not Allowed
Date: Sat, 01 Nov 2025 05:12:32 GMT
Content-Type: text/html
Content-Length: 157
Connection: close

<html>
<head><title>405 Not Allowed</title></head>
<body>
<center><h1>405 Not Allowed</h1></center>
<hr><center>nginx/1.18.0</center>
</body>
</html>

----------------------- End response -----------------------
master.thijn.ovh: Did not receive an HTTP/1.1 200 OK response. Full response follows:
---------------------- Begin response ----------------------
HTTP/1.1 400 Bad Request
Server: nginx
Date: Sat, 01 Nov 2025 05:12:36 GMT
Content-Type: text/html; charset=UTF-8
Transfer-Encoding: chunked
Connection: close
X-VCMP-Error: Invalid request - Server unreachable
Strict-Transport-Security: max-age=63072000

0


----------------------- End response -----------------------
master.adtec.ovh: Did not receive an HTTP/1.1 200 OK response. Full response follows:
---------------------- Begin response ----------------------
HTTP/1.1 405 Not Allowed
Date: Sat, 01 Nov 2025 05:17:12 GMT
Content-Type: text/html
Content-Length: 157
Connection: close

<html>
<head><title>405 Not Allowed</title></head>
<body>
<center><h1>405 Not Allowed</h1></center>
<hr><center>nginx/1.18.0</center>
</body>
</html>

----------------------- End response -----------------------
